[0.020s] Invoking command in '/home/aitec-jetson/cugo_ws/build/livox_ros_driver2': CMAKE_PREFIX_PATH=${CMAKE_PREFIX_PATH}:/opt/ros/humble /usr/bin/cmake /home/aitec-jetson/cugo_ws/src/livox_ros_driver2 -DAMENT_CMAKE_SYMLINK_INSTALL=1 -DCMAKE_INSTALL_PREFIX=/home/aitec-jetson/cugo_ws/install/livox_ros_driver2
[0.039s] -- livox_ros_driver2 version: 1.2.4
[0.040s] -- Found ament_cmake_auto: 1.3.12 (/opt/ros/humble/share/ament_cmake_auto/cmake)
[0.254s] -- Override CMake install command with custom implementation using symlinks instead of copying resources
[0.382s] -- Using all available rosidl_typesupport_c: rosidl_typesupport_fastrtps_c;rosidl_typesupport_introspection_c
[0.386s] -- Found rosidl_adapter: 3.1.7 (/opt/ros/humble/share/rosidl_adapter/cmake)
[0.428s] -- Using all available rosidl_typesupport_cpp: rosidl_typesupport_fastrtps_cpp;rosidl_typesupport_introspection_cpp
[0.518s] -- Found rmw_implementation_cmake: 6.1.2 (/opt/ros/humble/share/rmw_implementation_cmake/cmake)
[0.519s] -- Found rmw_fastrtps_cpp: 6.2.9 (/opt/ros/humble/share/rmw_fastrtps_cpp/cmake)
[0.657s] -- Using RMW implementation 'rmw_fastrtps_cpp' as default
[0.844s] -- Eigen found (include: /usr/include/eigen3, version: 3.4.0)
[0.887s] -- FLANN found (include: /usr/include, lib: /usr/lib/aarch64-linux-gnu/libflann_cpp.so)
[1.383s] -- OpenNI found (version: 1.5.4.0, include: /usr/include/ni, lib: /usr/lib/libOpenNI.so;libusb::libusb)
[1.391s] -- OpenNI2 found (version: 2.2.0.33, include: /usr/include/openni2, lib: /usr/lib/aarch64-linux-gnu/libOpenNI2.so;libusb::libusb)
[1.619s] -- Eigen found (include: /usr/include/eigen3, version: 3.4.0)
[1.633s] -- OpenNI found (version: 1.5.4.0, include: /usr/include/ni, lib: /usr/lib/libOpenNI.so;libusb::libusb)
[1.645s] -- OpenNI2 found (version: 2.2.0.33, include: /usr/include/openni2, lib: /usr/lib/aarch64-linux-gnu/libOpenNI2.so;libusb::libusb)
[1.856s] -- Found Qhull version 8.0.2
[2.065s] -- OpenNI found (version: 1.5.4.0, include: /usr/include/ni, lib: /usr/lib/libOpenNI.so;libusb::libusb)
[2.412s] -- Checking for module 'apr-1'
[2.416s] --   No package 'apr-1' found
[2.840s] -- Found ament_cmake_ros: 0.10.0 (/opt/ros/humble/share/ament_cmake_ros/cmake)
[3.313s] -- Using all available rosidl_typesupport_c: rosidl_typesupport_fastrtps_c;rosidl_typesupport_introspection_c
[3.924s] -- Using all available rosidl_typesupport_cpp: rosidl_typesupport_fastrtps_cpp;rosidl_typesupport_introspection_cpp
[3.970s] -- Found python_cmake_module: 0.10.0 (/opt/ros/humble/share/python_cmake_module/cmake)
[4.016s] -- Using PYTHON_EXECUTABLE: /usr/bin/python3
[4.016s] -- Using PYTHON_INCLUDE_DIRS: /usr/include/python3.10
[4.016s] -- Using PYTHON_LIBRARIES: /usr/lib/aarch64-linux-gnu/libpython3.10.so
[4.097s] -- Found ament_lint_auto: 0.12.14 (/opt/ros/humble/share/ament_lint_auto/cmake)
[4.115s] -- Added test 'copyright' to check source files copyright and LICENSE
[4.124s] -- Added test 'cppcheck' to perform static code analysis on C / C++ code
[4.125s] -- Configured cppcheck include dirs: /home/aitec-jetson/cugo_ws/src/livox_ros_driver2/3rdparty;/home/aitec-jetson/cugo_ws/src/livox_ros_driver2/src
[4.125s] -- Configured cppcheck exclude dirs and/or files: 
[4.133s] -- Added test 'cpplint' to check C / C++ code against the Google style
[4.133s] -- Configured cpplint exclude dirs and/or files: 
[4.134s] -- Added test 'flake8' to check Python code syntax and style conventions
[4.136s] -- Added test 'lint_cmake' to check CMake code style
[4.138s] -- Added test 'pep257' to check Python code against some of the docstring style conventions in PEP 257
[4.146s] -- Added test 'uncrustify' to check C / C++ code style
[4.146s] -- Configured uncrustify additional arguments: 
[4.147s] -- Added test 'xmllint' to check XML markup files
[4.151s] -- Configuring done
[4.261s] -- Generating done
[4.296s] -- Build files have been written to: /home/aitec-jetson/cugo_ws/build/livox_ros_driver2
[4.342s] Invoked command in '/home/aitec-jetson/cugo_ws/build/livox_ros_driver2' returned '0': CMAKE_PREFIX_PATH=${CMAKE_PREFIX_PATH}:/opt/ros/humble /usr/bin/cmake /home/aitec-jetson/cugo_ws/src/livox_ros_driver2 -DAMENT_CMAKE_SYMLINK_INSTALL=1 -DCMAKE_INSTALL_PREFIX=/home/aitec-jetson/cugo_ws/install/livox_ros_driver2
[4.347s] Invoking command in '/home/aitec-jetson/cugo_ws/build/livox_ros_driver2': CMAKE_PREFIX_PATH=${CMAKE_PREFIX_PATH}:/opt/ros/humble /usr/bin/cmake --build /home/aitec-jetson/cugo_ws/build/livox_ros_driver2 -- -j8 -l8
[4.432s] [35m[1mConsolidate compiler generated dependencies of target livox_interfaces2__rosidl_generator_c[0m
[4.433s] [35m[1mConsolidate compiler generated dependencies of target livox_ros_driver2_node[0m
[4.449s] failed to create symbolic link '/home/aitec-jetson/cugo_ws/build/livox_ros_driver2/ament_cmake_python/livox_ros_driver2/livox_ros_driver2' because existing path cannot be removed: Is a directory
[4.449s] [  1%] Built target livox_interfaces2__cpp
[4.450s] gmake[2]: *** [CMakeFiles/ament_cmake_python_symlink_livox_ros_driver2.dir/build.make:70: CMakeFiles/ament_cmake_python_symlink_livox_ros_driver2] Error 1
[4.450s] gmake[1]: *** [CMakeFiles/Makefile2:425: CMakeFiles/ament_cmake_python_symlink_livox_ros_driver2.dir/all] Error 2
[4.450s] gmake[1]: *** Waiting for unfinished jobs....
[4.453s] [  8%] Built target livox_interfaces2__rosidl_generator_c
[4.466s] [ 10%] [32m[1mLinking CXX executable livox_ros_driver2_node[0m
[4.682s] [ 12%] Built target livox_ros_driver2_node
[4.684s] gmake: *** [Makefile:146: all] Error 2
[4.690s] Invoked command in '/home/aitec-jetson/cugo_ws/build/livox_ros_driver2' returned '2': CMAKE_PREFIX_PATH=${CMAKE_PREFIX_PATH}:/opt/ros/humble /usr/bin/cmake --build /home/aitec-jetson/cugo_ws/build/livox_ros_driver2 -- -j8 -l8
